2016-09-15 14:23:15,178 - Mock Version: 1.2.20
2016-09-15 14:23:15,313 - Finish: chroot init
2016-09-15 14:23:15,315 - Start: chroot ['mkdir -p /tmp/fmltafefha_tmp']
2016-09-15 14:23:15,324 - Finish: chroot ['mkdir -p /tmp/fmltafefha_tmp']
2016-09-15 14:23:15,325 - Finish: run
2016-09-15 14:23:15,627 - Mock Version: 1.2.20
2016-09-15 14:23:15,768 - Finish: chroot init
2016-09-15 14:23:15,771 - Finish: run
2016-09-15 14:23:16,080 - Mock Version: 1.2.20
2016-09-15 14:23:16,177 - Finish: chroot init
2016-09-15 14:23:16,180 - Finish: run
2016-09-15 14:23:16,485 - Mock Version: 1.2.20
2016-09-15 14:23:16,597 - Finish: chroot init
2016-09-15 14:23:16,600 - Finish: run
2016-09-15 14:23:16,909 - Mock Version: 1.2.20
2016-09-15 14:23:17,064 - Finish: chroot init
2016-09-15 14:23:17,066 - Start: chroot ['chmod -R ugo+rwX /tmp/fmltafefha_tmp']
2016-09-15 14:23:17,075 - Finish: chroot ['chmod -R ugo+rwX /tmp/fmltafefha_tmp']
2016-09-15 14:23:17,076 - Finish: run
2016-09-15 14:23:17,392 - Mock Version: 1.2.20
2016-09-15 14:23:17,495 - Finish: chroot init
2016-09-15 14:23:17,498 - Start: chroot ["rpm -q --queryformat '%{NAME} %{VERSION} %{RELEASE}\n' --specfile /tmp/fmltafefha_tmp/grafana_dashboards.spec  2>/dev/null "]
2016-09-15 14:23:17,531 - Finish: chroot ["rpm -q --queryformat '%{NAME} %{VERSION} %{RELEASE}\n' --specfile /tmp/fmltafefha_tmp/grafana_dashboards.spec  2>/dev/null "]
2016-09-15 14:23:17,533 - Finish: run
2016-09-15 14:23:21,173 - Mock Version: 1.2.20
2016-09-15 14:23:21,970 - Finish: chroot init
2016-09-15 14:23:21,974 - Start: buildsrpm
2016-09-15 14:23:21,985 - Start: rpmbuild -bs
2016-09-15 14:23:22,067 - Finish: rpmbuild -bs
2016-09-15 14:23:22,069 - Finish: buildsrpm
2016-09-15 14:23:22,070 - Finish: run
2016-09-15 14:23:25,752 - Mock Version: 1.2.20
2016-09-15 14:23:26,527 - Finish: chroot init
2016-09-15 14:23:26,529 - Start: build phase for grafana-dashboards-simp-0.0.1-Alpha.src.rpm
2016-09-15 14:23:26,533 - Start: build setup for grafana-dashboards-simp-0.0.1-Alpha.src.rpm
2016-09-15 14:23:27,198 - Finish: build setup for grafana-dashboards-simp-0.0.1-Alpha.src.rpm
2016-09-15 14:23:27,198 - Start: rpmbuild grafana-dashboards-simp-0.0.1-Alpha.src.rpm
2016-09-15 14:51:07,210 - Mock Version: 1.2.20
2016-09-15 14:51:07,396 - Finish: chroot init
2016-09-15 14:51:07,399 - Start: chroot ['mkdir -p /tmp/zuvamiyojv_tmp']
2016-09-15 14:51:07,407 - Finish: chroot ['mkdir -p /tmp/zuvamiyojv_tmp']
2016-09-15 14:51:07,409 - Finish: run
2016-09-15 14:51:07,718 - Mock Version: 1.2.20
2016-09-15 14:51:07,896 - Finish: chroot init
2016-09-15 14:51:07,899 - Finish: run
2016-09-15 14:51:08,230 - Mock Version: 1.2.20
2016-09-15 14:51:08,403 - Finish: chroot init
2016-09-15 14:51:08,406 - Finish: run
2016-09-15 14:51:08,703 - Mock Version: 1.2.20
2016-09-15 14:51:08,805 - Finish: chroot init
2016-09-15 14:51:08,808 - Finish: run
2016-09-15 14:51:09,119 - Mock Version: 1.2.20
2016-09-15 14:51:09,224 - Finish: chroot init
2016-09-15 14:51:09,226 - Start: chroot ['chmod -R ugo+rwX /tmp/zuvamiyojv_tmp']
2016-09-15 14:51:09,235 - Finish: chroot ['chmod -R ugo+rwX /tmp/zuvamiyojv_tmp']
2016-09-15 14:51:09,236 - Finish: run
2016-09-15 14:51:09,532 - Mock Version: 1.2.20
2016-09-15 14:51:09,691 - Finish: chroot init
2016-09-15 14:51:09,693 - Start: chroot ["rpm -q --queryformat '%{NAME} %{VERSION} %{RELEASE}\n' --specfile /tmp/zuvamiyojv_tmp/grafana_dashboards.spec  2>/dev/null "]
2016-09-15 14:51:09,725 - Finish: chroot ["rpm -q --queryformat '%{NAME} %{VERSION} %{RELEASE}\n' --specfile /tmp/zuvamiyojv_tmp/grafana_dashboards.spec  2>/dev/null "]
2016-09-15 14:51:09,726 - Finish: run
2016-09-15 14:51:15,360 - Mock Version: 1.2.20
2016-09-15 14:51:16,156 - Finish: chroot init
2016-09-15 14:51:16,160 - Start: buildsrpm
2016-09-15 14:51:16,167 - Start: rpmbuild -bs
2016-09-15 14:51:16,267 - Finish: rpmbuild -bs
2016-09-15 14:51:16,269 - Finish: buildsrpm
2016-09-15 14:51:16,270 - Finish: run
2016-09-15 14:51:20,909 - Mock Version: 1.2.20
2016-09-15 14:51:21,615 - Finish: chroot init
2016-09-15 14:51:21,617 - Start: build phase for grafana-dashboards-simp-0.0.1-Alpha.src.rpm
2016-09-15 14:51:21,621 - Start: build setup for grafana-dashboards-simp-0.0.1-Alpha.src.rpm
2016-09-15 14:51:23,232 - Finish: build setup for grafana-dashboards-simp-0.0.1-Alpha.src.rpm
2016-09-15 14:51:23,232 - Start: rpmbuild grafana-dashboards-simp-0.0.1-Alpha.src.rpm
2016-09-15 14:54:24,448 - Mock Version: 1.2.20
2016-09-15 14:54:24,586 - Finish: chroot init
2016-09-15 14:54:24,588 - Start: chroot ['mkdir -p /tmp/gtvscnzkpq_tmp']
2016-09-15 14:54:24,596 - Finish: chroot ['mkdir -p /tmp/gtvscnzkpq_tmp']
2016-09-15 14:54:24,598 - Finish: run
2016-09-15 14:54:24,891 - Mock Version: 1.2.20
2016-09-15 14:54:24,994 - Finish: chroot init
2016-09-15 14:54:24,997 - Finish: run
2016-09-15 14:54:25,290 - Mock Version: 1.2.20
2016-09-15 14:54:25,438 - Finish: chroot init
2016-09-15 14:54:25,441 - Finish: run
2016-09-15 14:54:25,730 - Mock Version: 1.2.20
2016-09-15 14:54:25,873 - Finish: chroot init
2016-09-15 14:54:25,876 - Finish: run
2016-09-15 14:54:26,172 - Mock Version: 1.2.20
2016-09-15 14:54:26,312 - Finish: chroot init
2016-09-15 14:54:26,314 - Start: chroot ['chmod -R ugo+rwX /tmp/gtvscnzkpq_tmp']
2016-09-15 14:54:26,323 - Finish: chroot ['chmod -R ugo+rwX /tmp/gtvscnzkpq_tmp']
2016-09-15 14:54:26,325 - Finish: run
2016-09-15 14:54:26,617 - Mock Version: 1.2.20
2016-09-15 14:54:26,797 - Finish: chroot init
2016-09-15 14:54:26,799 - Start: chroot ["rpm -q --queryformat '%{NAME} %{VERSION} %{RELEASE}\n' --specfile /tmp/gtvscnzkpq_tmp/grafana_dashboards.spec  2>/dev/null "]
2016-09-15 14:54:26,830 - Finish: chroot ["rpm -q --queryformat '%{NAME} %{VERSION} %{RELEASE}\n' --specfile /tmp/gtvscnzkpq_tmp/grafana_dashboards.spec  2>/dev/null "]
2016-09-15 14:54:26,831 - Finish: run
2016-09-15 14:54:34,683 - Mock Version: 1.2.20
2016-09-15 14:54:35,541 - Finish: chroot init
2016-09-15 14:54:35,545 - Start: buildsrpm
2016-09-15 14:54:35,688 - Start: rpmbuild -bs
2016-09-15 14:54:35,957 - Finish: rpmbuild -bs
2016-09-15 14:54:35,959 - Finish: buildsrpm
2016-09-15 14:54:35,960 - Finish: run
2016-09-15 14:54:39,950 - Mock Version: 1.2.20
2016-09-15 14:54:40,902 - Finish: chroot init
2016-09-15 14:54:40,904 - Start: build phase for grafana-dashboards-simp-0.0.1-Alpha.src.rpm
2016-09-15 14:54:40,907 - Start: build setup for grafana-dashboards-simp-0.0.1-Alpha.src.rpm
2016-09-15 14:54:42,700 - Finish: build setup for grafana-dashboards-simp-0.0.1-Alpha.src.rpm
2016-09-15 14:54:42,701 - Start: rpmbuild grafana-dashboards-simp-0.0.1-Alpha.src.rpm
2016-09-15 14:58:50,153 - Mock Version: 1.2.20
2016-09-15 14:58:50,267 - Finish: chroot init
2016-09-15 14:58:50,269 - Start: chroot ['mkdir -p /tmp/dkzvphmbij_tmp']
2016-09-15 14:58:50,278 - Finish: chroot ['mkdir -p /tmp/dkzvphmbij_tmp']
2016-09-15 14:58:50,280 - Finish: run
2016-09-15 14:58:50,573 - Mock Version: 1.2.20
2016-09-15 14:58:50,728 - Finish: chroot init
2016-09-15 14:58:50,731 - Finish: run
2016-09-15 14:58:51,071 - Mock Version: 1.2.20
2016-09-15 14:58:51,202 - Finish: chroot init
2016-09-15 14:58:51,205 - Finish: run
2016-09-15 14:58:51,501 - Mock Version: 1.2.20
2016-09-15 14:58:51,682 - Finish: chroot init
2016-09-15 14:58:51,685 - Finish: run
2016-09-15 14:58:51,983 - Mock Version: 1.2.20
2016-09-15 14:58:52,084 - Finish: chroot init
2016-09-15 14:58:52,086 - Start: chroot ['chmod -R ugo+rwX /tmp/dkzvphmbij_tmp']
2016-09-15 14:58:52,095 - Finish: chroot ['chmod -R ugo+rwX /tmp/dkzvphmbij_tmp']
2016-09-15 14:58:52,097 - Finish: run
2016-09-15 14:58:52,400 - Mock Version: 1.2.20
2016-09-15 14:58:52,586 - Finish: chroot init
2016-09-15 14:58:52,588 - Start: chroot ["rpm -q --queryformat '%{NAME} %{VERSION} %{RELEASE}\n' --specfile /tmp/dkzvphmbij_tmp/grafana_dashboards.spec  2>/dev/null "]
2016-09-15 14:58:52,619 - Finish: chroot ["rpm -q --queryformat '%{NAME} %{VERSION} %{RELEASE}\n' --specfile /tmp/dkzvphmbij_tmp/grafana_dashboards.spec  2>/dev/null "]
2016-09-15 14:58:52,620 - Finish: run
2016-09-15 14:58:58,215 - Mock Version: 1.2.20
2016-09-15 14:58:59,166 - Finish: chroot init
2016-09-15 14:58:59,170 - Start: buildsrpm
2016-09-15 14:58:59,189 - Start: rpmbuild -bs
2016-09-15 14:58:59,327 - Finish: rpmbuild -bs
2016-09-15 14:58:59,329 - Finish: buildsrpm
2016-09-15 14:58:59,330 - Finish: run
2016-09-15 14:59:04,483 - Mock Version: 1.2.20
2016-09-15 14:59:05,216 - Finish: chroot init
2016-09-15 14:59:05,219 - Start: build phase for grafana-dashboards-simp-0.0.1-Alpha.src.rpm
2016-09-15 14:59:05,222 - Start: build setup for grafana-dashboards-simp-0.0.1-Alpha.src.rpm
2016-09-15 14:59:06,921 - Finish: build setup for grafana-dashboards-simp-0.0.1-Alpha.src.rpm
2016-09-15 14:59:06,921 - Start: rpmbuild grafana-dashboards-simp-0.0.1-Alpha.src.rpm
2016-09-15 14:59:07,103 - Finish: rpmbuild grafana-dashboards-simp-0.0.1-Alpha.src.rpm
2016-09-15 14:59:07,105 - Finish: build phase for grafana-dashboards-simp-0.0.1-Alpha.src.rpm
2016-09-15 14:59:07,106 - Finish: run
2016-09-15 15:02:14,984 - Mock Version: 1.2.20
2016-09-15 15:02:15,175 - Finish: chroot init
2016-09-15 15:02:15,177 - Start: chroot ['mkdir -p /tmp/repumjrxbx_tmp']
2016-09-15 15:02:15,195 - Finish: chroot ['mkdir -p /tmp/repumjrxbx_tmp']
2016-09-15 15:02:15,197 - Finish: run
2016-09-15 15:02:15,527 - Mock Version: 1.2.20
2016-09-15 15:02:15,665 - Finish: chroot init
2016-09-15 15:02:15,668 - Finish: run
2016-09-15 15:02:16,012 - Mock Version: 1.2.20
2016-09-15 15:02:16,153 - Finish: chroot init
2016-09-15 15:02:16,157 - Finish: run
2016-09-15 15:02:16,494 - Mock Version: 1.2.20
2016-09-15 15:02:16,664 - Finish: chroot init
2016-09-15 15:02:16,667 - Finish: run
2016-09-15 15:02:16,996 - Mock Version: 1.2.20
2016-09-15 15:02:17,164 - Finish: chroot init
2016-09-15 15:02:17,167 - Start: chroot ['chmod -R ugo+rwX /tmp/repumjrxbx_tmp']
2016-09-15 15:02:17,176 - Finish: chroot ['chmod -R ugo+rwX /tmp/repumjrxbx_tmp']
2016-09-15 15:02:17,178 - Finish: run
2016-09-15 15:02:17,490 - Mock Version: 1.2.20
2016-09-15 15:02:17,619 - Finish: chroot init
2016-09-15 15:02:17,621 - Start: chroot ["rpm -q --queryformat '%{NAME} %{VERSION} %{RELEASE}\n' --specfile /tmp/repumjrxbx_tmp/grafana_dashboards.spec  2>/dev/null "]
2016-09-15 15:02:17,658 - Finish: chroot ["rpm -q --queryformat '%{NAME} %{VERSION} %{RELEASE}\n' --specfile /tmp/repumjrxbx_tmp/grafana_dashboards.spec  2>/dev/null "]
2016-09-15 15:02:17,660 - Finish: run
2016-09-15 15:02:23,265 - Mock Version: 1.2.20
2016-09-15 15:02:24,033 - Finish: chroot init
2016-09-15 15:02:24,037 - Start: buildsrpm
2016-09-15 15:02:24,052 - Start: rpmbuild -bs
2016-09-15 15:02:24,381 - Finish: rpmbuild -bs
2016-09-15 15:02:24,383 - Finish: buildsrpm
2016-09-15 15:02:24,384 - Finish: run
2016-09-15 15:02:34,047 - Mock Version: 1.2.20
2016-09-15 15:02:40,058 - Finish: chroot init
2016-09-15 15:02:40,060 - Start: build phase for grafana-dashboards-simp-0.0.1-Alpha.src.rpm
2016-09-15 15:02:40,064 - Start: build setup for grafana-dashboards-simp-0.0.1-Alpha.src.rpm
2016-09-15 15:02:42,087 - Finish: build setup for grafana-dashboards-simp-0.0.1-Alpha.src.rpm
2016-09-15 15:02:42,087 - Start: rpmbuild grafana-dashboards-simp-0.0.1-Alpha.src.rpm
2016-09-15 15:02:42,269 - Finish: rpmbuild grafana-dashboards-simp-0.0.1-Alpha.src.rpm
2016-09-15 15:02:42,271 - Finish: build phase for grafana-dashboards-simp-0.0.1-Alpha.src.rpm
2016-09-15 15:02:42,272 - Finish: run
2016-09-15 15:07:43,050 - Mock Version: 1.2.20
2016-09-15 15:07:43,197 - Finish: chroot init
2016-09-15 15:07:43,200 - Start: chroot ['mkdir -p /tmp/rahcvhqciq_tmp']
2016-09-15 15:07:43,210 - Finish: chroot ['mkdir -p /tmp/rahcvhqciq_tmp']
2016-09-15 15:07:43,212 - Finish: run
2016-09-15 15:07:43,581 - Mock Version: 1.2.20
2016-09-15 15:07:43,748 - Finish: chroot init
2016-09-15 15:07:43,751 - Finish: run
2016-09-15 15:07:44,106 - Mock Version: 1.2.20
2016-09-15 15:07:44,272 - Finish: chroot init
2016-09-15 15:07:44,275 - Finish: run
2016-09-15 15:07:44,622 - Mock Version: 1.2.20
2016-09-15 15:07:44,741 - Finish: chroot init
2016-09-15 15:07:44,744 - Finish: run
2016-09-15 15:07:45,087 - Mock Version: 1.2.20
2016-09-15 15:07:45,246 - Finish: chroot init
2016-09-15 15:07:45,249 - Start: chroot ['chmod -R ugo+rwX /tmp/rahcvhqciq_tmp']
2016-09-15 15:07:45,258 - Finish: chroot ['chmod -R ugo+rwX /tmp/rahcvhqciq_tmp']
2016-09-15 15:07:45,259 - Finish: run
2016-09-15 15:07:45,589 - Mock Version: 1.2.20
2016-09-15 15:07:45,866 - Finish: chroot init
2016-09-15 15:07:45,869 - Start: chroot ["rpm -q --queryformat '%{NAME} %{VERSION} %{RELEASE}\n' --specfile /tmp/rahcvhqciq_tmp/grafana_dashboards.spec  2>/dev/null "]
2016-09-15 15:07:45,906 - Finish: chroot ["rpm -q --queryformat '%{NAME} %{VERSION} %{RELEASE}\n' --specfile /tmp/rahcvhqciq_tmp/grafana_dashboards.spec  2>/dev/null "]
2016-09-15 15:07:45,908 - Finish: run
2016-09-15 15:07:51,749 - Mock Version: 1.2.20
2016-09-15 15:07:52,420 - Finish: chroot init
2016-09-15 15:07:52,425 - Start: buildsrpm
2016-09-15 15:07:52,434 - Start: rpmbuild -bs
2016-09-15 15:07:52,571 - Finish: rpmbuild -bs
2016-09-15 15:07:52,573 - Finish: buildsrpm
2016-09-15 15:07:52,574 - Finish: run
2016-09-15 15:07:57,297 - Mock Version: 1.2.20
2016-09-15 15:07:58,093 - Finish: chroot init
2016-09-15 15:07:58,095 - Start: build phase for grafana-dashboards-simp-0.0.1-Alpha.src.rpm
2016-09-15 15:07:58,098 - Start: build setup for grafana-dashboards-simp-0.0.1-Alpha.src.rpm
2016-09-15 15:07:59,790 - Finish: build setup for grafana-dashboards-simp-0.0.1-Alpha.src.rpm
2016-09-15 15:07:59,790 - Start: rpmbuild grafana-dashboards-simp-0.0.1-Alpha.src.rpm
2016-09-15 15:07:59,980 - Finish: rpmbuild grafana-dashboards-simp-0.0.1-Alpha.src.rpm
2016-09-15 15:07:59,982 - Finish: build phase for grafana-dashboards-simp-0.0.1-Alpha.src.rpm
2016-09-15 15:07:59,982 - Finish: run
